<!DOCTYPE html>

<html>
  <head>
  <title>TestNG reports</title>

    <link type="text/css" href="testng-reports.css" rel="stylesheet" />  
    <script type="text/javascript" src="jquery-1.7.1.min.js"></script>
    <script type="text/javascript" src="testng-reports.js"></script>
    <script type="text/javascript" src="https://www.google.com/jsapi"></script>
    <script type='text/javascript'>
      google.load('visualization', '1', {packages:['table']});
      google.setOnLoadCallback(drawTable);
      var suiteTableInitFunctions = new Array();
      var suiteTableData = new Array();
    </script>
    <!--
      <script type="text/javascript" src="jquery-ui/js/jquery-ui-1.8.16.custom.min.js"></script>
     -->
  </head>

  <body>
    <div class="top-banner-root">
      <span class="top-banner-title-font">Test results</span>
      <br/>
      <span class="top-banner-font-1">1 suite, 1 failed test</span>
    </div> <!-- top-banner-root -->
    <div class="navigator-root">
      <div class="navigator-suite-header">
        <span>All suites</span>
        <a href="#" title="Collapse/expand all the suites" class="collapse-all-link">
          <img src="collapseall.gif" class="collapse-all-icon">
          </img> <!-- collapse-all-icon -->
        </a> <!-- collapse-all-link -->
      </div> <!-- navigator-suite-header -->
      <div class="suite">
        <div class="rounded-window">
          <div class="suite-header light-rounded-window-top">
            <a href="#" panel-name="suite-Command_line_suite" class="navigator-link">
              <span class="suite-name border-failed">Command line suite</span>
            </a> <!-- navigator-link -->
          </div> <!-- suite-header light-rounded-window-top -->
          <div class="navigator-suite-content">
            <div class="suite-section-title">
              <span>Info</span>
            </div> <!-- suite-section-title -->
            <div class="suite-section-content">
              <ul>
                <li>
                  <a href="#" panel-name="test-xml-Command_line_suite" class="navigator-link ">
                    <span>[unset file name]</span>
                  </a> <!-- navigator-link  -->
                </li>
                <li>
                  <a href="#" panel-name="testlist-Command_line_suite" class="navigator-link ">
                    <span class="test-stats">1 test</span>
                  </a> <!-- navigator-link  -->
                </li>
                <li>
                  <a href="#" panel-name="group-Command_line_suite" class="navigator-link ">
                    <span>0 groups</span>
                  </a> <!-- navigator-link  -->
                </li>
                <li>
                  <a href="#" panel-name="times-Command_line_suite" class="navigator-link ">
                    <span>Times</span>
                  </a> <!-- navigator-link  -->
                </li>
                <li>
                  <a href="#" panel-name="reporter-Command_line_suite" class="navigator-link ">
                    <span>Reporter output</span>
                  </a> <!-- navigator-link  -->
                </li>
                <li>
                  <a href="#" panel-name="ignored-methods-Command_line_suite" class="navigator-link ">
                    <span>Ignored methods</span>
                  </a> <!-- navigator-link  -->
                </li>
                <li>
                  <a href="#" panel-name="chronological-Command_line_suite" class="navigator-link ">
                    <span>Chronological view</span>
                  </a> <!-- navigator-link  -->
                </li>
              </ul>
            </div> <!-- suite-section-content -->
            <div class="result-section">
              <div class="suite-section-title">
                <span>Results</span>
              </div> <!-- suite-section-title -->
              <div class="suite-section-content">
                <ul>
                  <li>
                    <span class="method-stats">11 methods, 1 failed,  8 skipped,  2 passed</span>
                  </li>
                  <li>
                    <span class="method-list-title failed">Failed methods</span>
                    <span class="show-or-hide-methods failed">
                      <a href="#" panel-name="suite-Command_line_suite" class="hide-methods failed suite-Command_line_suite"> (hide)</a> <!-- hide-methods failed suite-Command_line_suite -->
                      <a href="#" panel-name="suite-Command_line_suite" class="show-methods failed suite-Command_line_suite"> (show)</a> <!-- show-methods failed suite-Command_line_suite -->
                    </span>
                    <div class="method-list-content failed suite-Command_line_suite">
                      <span>
                        <img src="failed.png" width="3%"/>
                        <a href="#" panel-name="suite-Command_line_suite" title="com.crm.qa.testcases.LoginpageTest" class="method navigator-link" hash-for-method="logintest">logintest</a> <!-- method navigator-link -->
                      </span>
                      <br/>
                    </div> <!-- method-list-content failed suite-Command_line_suite -->
                  </li>
                  <li>
                    <span class="method-list-title skipped">Skipped methods</span>
                    <span class="show-or-hide-methods skipped">
                      <a href="#" panel-name="suite-Command_line_suite" class="hide-methods skipped suite-Command_line_suite"> (hide)</a> <!-- hide-methods skipped suite-Command_line_suite -->
                      <a href="#" panel-name="suite-Command_line_suite" class="show-methods skipped suite-Command_line_suite"> (show)</a> <!-- show-methods skipped suite-Command_line_suite -->
                    </span>
                    <div class="method-list-content skipped suite-Command_line_suite">
                      <span>
                        <img src="skipped.png" width="3%"/>
                        <a href="#" panel-name="suite-Command_line_suite" title="com.crm.qa.testcases.ContactsPageTest" class="method navigator-link" hash-for-method="validateCreateNewContact(Mrs., John, Dear, Google)">validateCreateNewContact(Mrs., John, Dear, Google)</a> <!-- method navigator-link -->
                      </span>
                      <br/>
                      <span>
                        <img src="skipped.png" width="3%"/>
                        <a href="#" panel-name="suite-Command_line_suite" title="com.crm.qa.testcases.ContactsPageTest" class="method navigator-link" hash-for-method="validateCreateNewContact(Mr., Tom, Peter, Google)">validateCreateNewContact(Mr., Tom, Peter, Google)</a> <!-- method navigator-link -->
                      </span>
                      <br/>
                      <span>
                        <img src="skipped.png" width="3%"/>
                        <a href="#" panel-name="suite-Command_line_suite" title="com.crm.qa.testcases.ContactsPageTest" class="method navigator-link" hash-for-method="validateCreateNewContact(Mrs., Yuktha, Sharma, Ebay)">validateCreateNewContact(Mrs., Yuktha, Sharma, Ebay)</a> <!-- method navigator-link -->
                      </span>
                      <br/>
                      <span>
                        <img src="skipped.png" width="3%"/>
                        <a href="#" panel-name="suite-Command_line_suite" title="com.crm.qa.testcases.ContactsPageTest" class="method navigator-link" hash-for-method="validateCreateNewContact(Mrs., Chris, Haas, Amazon)">validateCreateNewContact(Mrs., Chris, Haas, Amazon)</a> <!-- method navigator-link -->
                      </span>
                      <br/>
                      <span>
                        <img src="skipped.png" width="3%"/>
                        <a href="#" panel-name="suite-Command_line_suite" title="com.crm.qa.testcases.ContactsPageTest" class="method navigator-link" hash-for-method="validateCreateNewContact(Dr., David, Chris, Amazon)">validateCreateNewContact(Dr., David, Chris, Amazon)</a> <!-- method navigator-link -->
                      </span>
                      <br/>
                      <span>
                        <img src="skipped.png" width="3%"/>
                        <a href="#" panel-name="suite-Command_line_suite" title="com.crm.qa.testcases.HomePageTest" class="method navigator-link" hash-for-method="verifyContactsLinkTest">verifyContactsLinkTest</a> <!-- method navigator-link -->
                      </span>
                      <br/>
                      <span>
                        <img src="skipped.png" width="3%"/>
                        <a href="#" panel-name="suite-Command_line_suite" title="com.crm.qa.testcases.HomePageTest" class="method navigator-link" hash-for-method="verifyHomePageTitleTest">verifyHomePageTitleTest</a> <!-- method navigator-link -->
                      </span>
                      <br/>
                      <span>
                        <img src="skipped.png" width="3%"/>
                        <a href="#" panel-name="suite-Command_line_suite" title="com.crm.qa.testcases.HomePageTest" class="method navigator-link" hash-for-method="verifyUsernameTest">verifyUsernameTest</a> <!-- method navigator-link -->
                      </span>
                      <br/>
                    </div> <!-- method-list-content skipped suite-Command_line_suite -->
                  </li>
                  <li>
                    <span class="method-list-title passed">Passed methods</span>
                    <span class="show-or-hide-methods passed">
                      <a href="#" panel-name="suite-Command_line_suite" class="hide-methods passed suite-Command_line_suite"> (hide)</a> <!-- hide-methods passed suite-Command_line_suite -->
                      <a href="#" panel-name="suite-Command_line_suite" class="show-methods passed suite-Command_line_suite"> (show)</a> <!-- show-methods passed suite-Command_line_suite -->
                    </span>
                    <div class="method-list-content passed suite-Command_line_suite">
                      <span>
                        <img src="passed.png" width="3%"/>
                        <a href="#" panel-name="suite-Command_line_suite" title="com.crm.qa.testcases.LoginpageTest" class="method navigator-link" hash-for-method="CRMlogoTest">CRMlogoTest</a> <!-- method navigator-link -->
                      </span>
                      <br/>
                      <span>
                        <img src="passed.png" width="3%"/>
                        <a href="#" panel-name="suite-Command_line_suite" title="com.crm.qa.testcases.LoginpageTest" class="method navigator-link" hash-for-method="loginpagetitletest">loginpagetitletest</a> <!-- method navigator-link -->
                      </span>
                      <br/>
                    </div> <!-- method-list-content passed suite-Command_line_suite -->
                  </li>
                </ul>
              </div> <!-- suite-section-content -->
            </div> <!-- result-section -->
          </div> <!-- navigator-suite-content -->
        </div> <!-- rounded-window -->
      </div> <!-- suite -->
    </div> <!-- navigator-root -->
    <div class="wrapper">
      <div class="main-panel-root">
        <div panel-name="suite-Command_line_suite" class="panel Command_line_suite">
          <div class="suite-Command_line_suite-class-failed">
            <div class="main-panel-header rounded-window-top">
              <img src="failed.png"/>
              <span class="class-name">com.crm.qa.testcases.LoginpageTest</span>
            </div> <!-- main-panel-header rounded-window-top -->
            <div class="main-panel-content rounded-window-bottom">
              <div class="method">
                <div class="method-content">
                  <a name="logintest">
                  </a> <!-- logintest -->
                  <span class="method-name">logintest</span>
                  <div class="stack-trace"><b>"org.openqa.selenium.WebDriverException: unknown error: call function result missing &apos;value&apos;
  (Session info: chrome=65.0.3325.181)
  (Driver info: chromedriver=2.34.522940 (1a76f96f66e3ca7b8e57d503b4dd3bccfba87af1),platform=Windows NT 10.0.16299 x86_64) (WARNING: The server did not provide any stacktrace information)
Command duration or timeout: 0 milliseconds
Build info: version: &apos;3.11.0&apos;, revision: &apos;e59cfb3&apos;, time: &apos;2018-03-11T20:26:55.152Z&apos;
System info: host: &apos;MAHADEV&apos;, ip: &apos;169.254.133.86&apos;, os.name: &apos;Windows 10&apos;, os.arch: &apos;amd64&apos;, os.version: &apos;10.0&apos;, java.version: &apos;9.0.1&apos;
Driver info: org.openqa.selenium.chrome.ChromeDriver
Capabilities {acceptSslCerts: true, applicationCacheEnabled: false, browserConnectionEnabled: false, browserName: chrome, chrome: {chromedriverVersion: 2.34.522940 (1a76f96f66e3ca..., userDataDir: C:\Users\ganib\AppData\Loca...}, cssSelectorsEnabled: true, databaseEnabled: false, handlesAlerts: true, hasTouchScreen: false, javascriptEnabled: true, locationContextEnabled: true, mobileEmulationEnabled: false, nativeEvents: true, networkConnectionEnabled: false, pageLoadStrategy: normal, platform: XP, platformName: XP, rotatable: false, setWindowRect: true, takesHeapSnapshot: true, takesScreenshot: true, unexpectedAlertBehaviour: , unhandledPromptBehavior: , version: 65.0.3325.181, webStorageEnabled: true}
Session ID: f94c35bdfb4e8f7e4d88320757f971ce
	at org.openqa.selenium.remote.ErrorHandler.createThrowable(ErrorHandler.java:214)
	at org.openqa.selenium.remote.ErrorHandler.throwIfResponseFailed(ErrorHandler.java:166)
	at org.openqa.selenium.remote.http.JsonHttpResponseCodec.reconstructValue(JsonHttpResponseCodec.java:40)
	at org.openqa.selenium.remote.http.AbstractHttpResponseCodec.decode(AbstractHttpResponseCodec.java:80)
	at org.openqa.selenium.remote.http.AbstractHttpResponseCodec.decode(AbstractHttpResponseCodec.java:44)
	at org.openqa.selenium.remote.HttpCommandExecutor.execute(HttpCommandExecutor.java:158)
	at org.openqa.selenium.remote.service.DriverCommandExecutor.execute(DriverCommandExecutor.java:83)
	at org.openqa.selenium.remote.RemoteWebDriver.execute(RemoteWebDriver.java:545)
	at org.openqa.selenium.remote.RemoteWebElement.execute(RemoteWebElement.java:279)
	at org.openqa.selenium.remote.RemoteWebElement.sendKeys(RemoteWebElement.java:100)
	at org.openqa.selenium.support.events.EventFiringWebDriver$EventFiringWebElement.lambda$new$0(EventFiringWebDriver.java:368)
	at com.sun.proxy.$Proxy14.sendKeys(Unknown Source)
	at org.openqa.selenium.support.events.EventFiringWebDriver$EventFiringWebElement.sendKeys(EventFiringWebDriver.java:390)
	at org.openqa.selenium.support.pagefactory.internal.LocatingElementHandler.invoke(LocatingElementHandler.java:51)
	at com.sun.proxy.$Proxy13.sendKeys(Unknown Source)
	at com.crm.qa.pages.LoginPage.login(LoginPage.java:35)
	at com.crm.qa.testcases.LoginpageTest.logintest(LoginpageTest.java:43)
	at org.apache.maven.surefire.testng.TestNGExecutor.run(TestNGExecutor.java:77)
	at org.apache.maven.surefire.testng.TestNGDirectoryTestSuite.executeMulti(TestNGDirectoryTestSuite.java:159)
	at org.apache.maven.surefire.testng.TestNGDirectoryTestSuite.execute(TestNGDirectoryTestSuite.java:99)
	at org.apache.maven.surefire.testng.TestNGProvider.invoke(TestNGProvider.java:106)
	at org.apache.maven.surefire.util.ReflectionUtils.invokeMethodWithArray(ReflectionUtils.java:189)
	at org.apache.maven.surefire.booter.ProviderFactory$ProviderProxy.invoke(ProviderFactory.java:165)
	at org.apache.maven.surefire.booter.ProviderFactory.invokeProvider(ProviderFactory.java:85)
	at org.apache.maven.surefire.booter.ForkedBooter.runSuitesInProcess(ForkedBooter.java:115)
	at org.apache.maven.surefire.booter.ForkedBooter.main(ForkedBooter.java:75)
... Removed 37 stack frames<br/> org.openqa.selenium.WebDriverException: unknown error: call function result missing &apos;value&apos;
  (Session info: chrome=65.0.3325.181)
  (Driver info: chromedriver=2.34.522940 (1a76f96f66e3ca7b8e57d503b4dd3bccfba87af1),platform=Windows NT 10.0.16299 x86_64) (WARNING: The server did not provide any stacktrace information)
Command duration or timeout: 0 milliseconds
Build info: version: &apos;3.11.0&apos;, revision: &apos;e59cfb3&apos;, time: &apos;2018-03-11T20:26:55.152Z&apos;
System info: host: &apos;MAHADEV&apos;, ip: &apos;169.254.133.86&apos;, os.name: &apos;Windows 10&apos;, os.arch: &apos;amd64&apos;, os.version: &apos;10.0&apos;, java.version: &apos;9.0.1&apos;
Driver info: org.openqa.selenium.chrome.ChromeDriver
Capabilities {acceptSslCerts: true, applicationCacheEnabled: false, browserConnectionEnabled: false, browserName: chrome, chrome: {chromedriverVersion: 2.34.522940 (1a76f96f66e3ca..., userDataDir: C:\Users\ganib\AppData\Loca...}, cssSelectorsEnabled: true, databaseEnabled: false, handlesAlerts: true, hasTouchScreen: false, javascriptEnabled: true, locationContextEnabled: true, mobileEmulationEnabled: false, nativeEvents: true, networkConnectionEnabled: false, pageLoadStrategy: normal, platform: XP, platformName: XP, rotatable: false, setWindowRect: true, takesHeapSnapshot: true, takesScreenshot: true, unexpectedAlertBehaviour: , unhandledPromptBehavior: , version: 65.0.3325.181, webStorageEnabled: true}
Session ID: f94c35bdfb4e8f7e4d88320757f971ce
	at java.base/jdk.internal.reflect.NativeConstructorAccessorImpl.newInstance0(Native Method)
	at java.base/jdk.internal.reflect.NativeConstructorAccessorImpl.newInstance(NativeConstructorAccessorImpl.java:62)
	at java.base/jdk.internal.reflect.DelegatingConstructorAccessorImpl.newInstance(DelegatingConstructorAccessorImpl.java:45)
	at java.base/java.lang.reflect.Constructor.newInstance(Constructor.java:488)
	at org.openqa.selenium.remote.ErrorHandler.createThrowable(ErrorHandler.java:214)
	at org.openqa.selenium.remote.ErrorHandler.throwIfResponseFailed(ErrorHandler.java:166)
	at org.openqa.selenium.remote.http.JsonHttpResponseCodec.reconstructValue(JsonHttpResponseCodec.java:40)
	at org.openqa.selenium.remote.http.AbstractHttpResponseCodec.decode(AbstractHttpResponseCodec.java:80)
	at org.openqa.selenium.remote.http.AbstractHttpResponseCodec.decode(AbstractHttpResponseCodec.java:44)
	at org.openqa.selenium.remote.HttpCommandExecutor.execute(HttpCommandExecutor.java:158)
	at org.openqa.selenium.remote.service.DriverCommandExecutor.execute(DriverCommandExecutor.java:83)
	at org.openqa.selenium.remote.RemoteWebDriver.execute(RemoteWebDriver.java:545)
	at org.openqa.selenium.remote.RemoteWebElement.execute(RemoteWebElement.java:279)
	at org.openqa.selenium.remote.RemoteWebElement.sendKeys(RemoteWebElement.java:100)
	at java.base/jdk.internal.reflect.NativeMethodAccessorImpl.invoke0(Native Method)
	at java.base/jdk.internal.reflect.NativeMethodAccessorImpl.invoke(NativeMethodAccessorImpl.java:62)
	at java.base/jdk.internal.reflect.DelegatingMethodAccessorImpl.invoke(DelegatingMethodAccessorImpl.java:43)
	at java.base/java.lang.reflect.Method.invoke(Method.java:564)
	at org.openqa.selenium.support.events.EventFiringWebDriver$EventFiringWebElement.lambda$new$0(EventFiringWebDriver.java:368)
	at com.sun.proxy.$Proxy14.sendKeys(Unknown Source)
	at org.openqa.selenium.support.events.EventFiringWebDriver$EventFiringWebElement.sendKeys(EventFiringWebDriver.java:390)
	at java.base/jdk.internal.reflect.NativeMethodAccessorImpl.invoke0(Native Method)
	at java.base/jdk.internal.reflect.NativeMethodAccessorImpl.invoke(NativeMethodAccessorImpl.java:62)
	at java.base/jdk.internal.reflect.DelegatingMethodAccessorImpl.invoke(DelegatingMethodAccessorImpl.java:43)
	at java.base/java.lang.reflect.Method.invoke(Method.java:564)
	at org.openqa.selenium.support.pagefactory.internal.LocatingElementHandler.invoke(LocatingElementHandler.java:51)
	at com.sun.proxy.$Proxy13.sendKeys(Unknown Source)
	at com.crm.qa.pages.LoginPage.login(LoginPage.java:35)
	at com.crm.qa.testcases.LoginpageTest.logintest(LoginpageTest.java:43)
	at java.base/jdk.internal.reflect.NativeMethodAccessorImpl.invoke0(Native Method)
	at java.base/jdk.internal.reflect.NativeMethodAccessorImpl.invoke(NativeMethodAccessorImpl.java:62)
	at java.base/jdk.internal.reflect.DelegatingMethodAccessorImpl.invoke(DelegatingMethodAccessorImpl.java:43)
	at java.base/java.lang.reflect.Method.invoke(Method.java:564)
	at org.testng.internal.MethodInvocationHelper.invokeMethod(MethodInvocationHelper.java:80)
	at org.testng.internal.Invoker.invokeMethod(Invoker.java:714)
	at org.testng.internal.Invoker.invokeTestMethod(Invoker.java:901)
	at org.testng.internal.Invoker.invokeTestMethods(Invoker.java:1231)
	at org.testng.internal.TestMethodWorker.invokeTestMethods(TestMethodWorker.java:127)
	at org.testng.internal.TestMethodWorker.run(TestMethodWorker.java:111)
	at org.testng.TestRunner.privateRun(TestRunner.java:767)
	at org.testng.TestRunner.run(TestRunner.java:617)
	at org.testng.SuiteRunner.runTest(SuiteRunner.java:334)
	at org.testng.SuiteRunner.runSequentially(SuiteRunner.java:329)
	at org.testng.SuiteRunner.privateRun(SuiteRunner.java:291)
	at org.testng.SuiteRunner.run(SuiteRunner.java:240)
	at org.testng.SuiteRunnerWorker.runSuite(SuiteRunnerWorker.java:52)
	at org.testng.SuiteRunnerWorker.run(SuiteRunnerWorker.java:86)
	at org.testng.TestNG.runSuitesSequentially(TestNG.java:1198)
	at org.testng.TestNG.runSuitesLocally(TestNG.java:1123)
	at org.testng.TestNG.run(TestNG.java:1031)
	at org.apache.maven.surefire.testng.TestNGExecutor.run(TestNGExecutor.java:77)
	at org.apache.maven.surefire.testng.TestNGDirectoryTestSuite.executeMulti(TestNGDirectoryTestSuite.java:159)
	at org.apache.maven.surefire.testng.TestNGDirectoryTestSuite.execute(TestNGDirectoryTestSuite.java:99)
	at org.apache.maven.surefire.testng.TestNGProvider.invoke(TestNGProvider.java:106)
	at java.base/jdk.internal.reflect.NativeMethodAccessorImpl.invoke0(Native Method)
	at java.base/jdk.internal.reflect.NativeMethodAccessorImpl.invoke(NativeMethodAccessorImpl.java:62)
	at java.base/jdk.internal.reflect.DelegatingMethodAccessorImpl.invoke(DelegatingMethodAccessorImpl.java:43)
	at java.base/java.lang.reflect.Method.invoke(Method.java:564)
	at org.apache.maven.surefire.util.ReflectionUtils.invokeMethodWithArray(ReflectionUtils.java:189)
	at org.apache.maven.surefire.booter.ProviderFactory$ProviderProxy.invoke(ProviderFactory.java:165)
	at org.apache.maven.surefire.booter.ProviderFactory.invokeProvider(ProviderFactory.java:85)
	at org.apache.maven.surefire.booter.ForkedBooter.runSuitesInProcess(ForkedBooter.java:115)
	at org.apache.maven.surefire.booter.ForkedBooter.main(ForkedBooter.java:75)
"</b><br>java.base/jdk.internal.reflect.NativeConstructorAccessorImpl.newInstance0(Native Method)<br>java.base/jdk.internal.reflect.NativeConstructorAccessorImpl.newInstance(NativeConstructorAccessorImpl.java:62)<br>java.base/jdk.internal.reflect.DelegatingConstructorAccessorImpl.newInstance(DelegatingConstructorAccessorImpl.java:45)<br>java.base/java.lang.reflect.Constructor.newInstance(Constructor.java:488)<br>org.openqa.selenium.remote.ErrorHandler.createThrowable(ErrorHandler.java:214)<br>org.openqa.selenium.remote.ErrorHandler.throwIfResponseFailed(ErrorHandler.java:166)<br>org.openqa.selenium.remote.http.JsonHttpResponseCodec.reconstructValue(JsonHttpResponseCodec.java:40)<br>org.openqa.selenium.remote.http.AbstractHttpResponseCodec.decode(AbstractHttpResponseCodec.java:80)<br>org.openqa.selenium.remote.http.AbstractHttpResponseCodec.decode(AbstractHttpResponseCodec.java:44)<br>org.openqa.selenium.remote.HttpCommandExecutor.execute(HttpCommandExecutor.java:158)<br>org.openqa.selenium.remote.service.DriverCommandExecutor.execute(DriverCommandExecutor.java:83)<br>org.openqa.selenium.remote.RemoteWebDriver.execute(RemoteWebDriver.java:545)<br>org.openqa.selenium.remote.RemoteWebElement.execute(RemoteWebElement.java:279)<br>org.openqa.selenium.remote.RemoteWebElement.sendKeys(RemoteWebElement.java:100)<br>java.base/jdk.internal.reflect.NativeMethodAccessorImpl.invoke0(Native Method)<br>java.base/jdk.internal.reflect.NativeMethodAccessorImpl.invoke(NativeMethodAccessorImpl.java:62)<br>java.base/jdk.internal.reflect.DelegatingMethodAccessorImpl.invoke(DelegatingMethodAccessorImpl.java:43)<br>java.base/java.lang.reflect.Method.invoke(Method.java:564)<br>org.openqa.selenium.support.events.EventFiringWebDriver$EventFiringWebElement.lambda$new$0(EventFiringWebDriver.java:368)<br>com.sun.proxy.$Proxy14.sendKeys(Unknown Source)<br>org.openqa.selenium.support.events.EventFiringWebDriver$EventFiringWebElement.sendKeys(EventFiringWebDriver.java:390)<br>java.base/jdk.internal.reflect.NativeMethodAccessorImpl.invoke0(Native Method)<br>java.base/jdk.internal.reflect.NativeMethodAccessorImpl.invoke(NativeMethodAccessorImpl.java:62)<br>java.base/jdk.internal.reflect.DelegatingMethodAccessorImpl.invoke(DelegatingMethodAccessorImpl.java:43)<br>java.base/java.lang.reflect.Method.invoke(Method.java:564)<br>org.openqa.selenium.support.pagefactory.internal.LocatingElementHandler.invoke(LocatingElementHandler.java:51)<br>com.sun.proxy.$Proxy13.sendKeys(Unknown Source)<br>com.crm.qa.pages.LoginPage.login(LoginPage.java:35)<br>com.crm.qa.testcases.LoginpageTest.logintest(LoginpageTest.java:43)<br>java.base/jdk.internal.reflect.NativeMethodAccessorImpl.invoke0(Native Method)<br>java.base/jdk.internal.reflect.NativeMethodAccessorImpl.invoke(NativeMethodAccessorImpl.java:62)<br>java.base/jdk.internal.reflect.DelegatingMethodAccessorImpl.invoke(DelegatingMethodAccessorImpl.java:43)<br>java.base/java.lang.reflect.Method.invoke(Method.java:564)<br>org.testng.internal.MethodInvocationHelper.invokeMethod(MethodInvocationHelper.java:80)<br>org.testng.internal.Invoker.invokeMethod(Invoker.java:714)<br>org.testng.internal.Invoker.invokeTestMethod(Invoker.java:901)<br>org.testng.internal.Invoker.invokeTestMethods(Invoker.java:1231)<br>org.testng.internal.TestMethodWorker.invokeTestMethods(TestMethodWorker.java:127)<br>org.testng.internal.TestMethodWorker.run(TestMethodWorker.java:111)<br>org.testng.TestRunner.privateRun(TestRunner.java:767)<br>org.testng.TestRunner.run(TestRunner.java:617)<br>org.testng.SuiteRunner.runTest(SuiteRunner.java:334)<br>org.testng.SuiteRunner.runSequentially(SuiteRunner.java:329)<br>org.testng.SuiteRunner.privateRun(SuiteRunner.java:291)<br>org.testng.SuiteRunner.run(SuiteRunner.java:240)<br>org.testng.SuiteRunnerWorker.runSuite(SuiteRunnerWorker.java:52)<br>org.testng.SuiteRunnerWorker.run(SuiteRunnerWorker.java:86)<br>org.testng.TestNG.runSuitesSequentially(TestNG.java:1198)<br>org.testng.TestNG.runSuitesLocally(TestNG.java:1123)<br>org.testng.TestNG.run(TestNG.java:1031)<br>org.apache.maven.surefire.testng.TestNGExecutor.run(TestNGExecutor.java:77)<br>org.apache.maven.surefire.testng.TestNGDirectoryTestSuite.executeMulti(TestNGDirectoryTestSuite.java:159)<br>org.apache.maven.surefire.testng.TestNGDirectoryTestSuite.execute(TestNGDirectoryTestSuite.java:99)<br>org.apache.maven.surefire.testng.TestNGProvider.invoke(TestNGProvider.java:106)<br>java.base/jdk.internal.reflect.NativeMethodAccessorImpl.invoke0(Native Method)<br>java.base/jdk.internal.reflect.NativeMethodAccessorImpl.invoke(NativeMethodAccessorImpl.java:62)<br>java.base/jdk.internal.reflect.DelegatingMethodAccessorImpl.invoke(DelegatingMethodAccessorImpl.java:43)<br>java.base/java.lang.reflect.Method.invoke(Method.java:564)<br>org.apache.maven.surefire.util.ReflectionUtils.invokeMethodWithArray(ReflectionUtils.java:189)<br>org.apache.maven.surefire.booter.ProviderFactory$ProviderProxy.invoke(ProviderFactory.java:165)<br>org.apache.maven.surefire.booter.ProviderFactory.invokeProvider(ProviderFactory.java:85)<br>org.apache.maven.surefire.booter.ForkedBooter.runSuitesInProcess(ForkedBooter.java:115)<br>org.apache.maven.surefire.booter.ForkedBooter.main(ForkedBooter.java:75)<br>
</div> <!-- stack-trace -->
                </div> <!-- method-content -->
              </div> <!-- method -->
            </div> <!-- main-panel-content rounded-window-bottom -->
          </div> <!-- suite-Command_line_suite-class-failed -->
          <div class="suite-Command_line_suite-class-skipped">
            <div class="main-panel-header rounded-window-top">
              <img src="skipped.png"/>
              <span class="class-name">com.crm.qa.testcases.ContactsPageTest</span>
            </div> <!-- main-panel-header rounded-window-top -->
            <div class="main-panel-content rounded-window-bottom">
              <div class="method">
                <div class="method-content">
                  <a name="validateCreateNewContact(Mrs., John, Dear, Google)">
                  </a> <!-- validateCreateNewContact(Mrs., John, Dear, Google) -->
                  <span class="method-name">validateCreateNewContact</span>
                  <span class="parameters">(Mrs., John, Dear, Google)</span>
                </div> <!-- method-content -->
              </div> <!-- method -->
              <div class="method">
                <div class="method-content">
                  <a name="validateCreateNewContact(Mr., Tom, Peter, Google)">
                  </a> <!-- validateCreateNewContact(Mr., Tom, Peter, Google) -->
                  <span class="method-name">validateCreateNewContact</span>
                  <span class="parameters">(Mr., Tom, Peter, Google)</span>
                </div> <!-- method-content -->
              </div> <!-- method -->
              <div class="method">
                <div class="method-content">
                  <a name="validateCreateNewContact(Mrs., Yuktha, Sharma, Ebay)">
                  </a> <!-- validateCreateNewContact(Mrs., Yuktha, Sharma, Ebay) -->
                  <span class="method-name">validateCreateNewContact</span>
                  <span class="parameters">(Mrs., Yuktha, Sharma, Ebay)</span>
                </div> <!-- method-content -->
              </div> <!-- method -->
              <div class="method">
                <div class="method-content">
                  <a name="validateCreateNewContact(Mrs., Chris, Haas, Amazon)">
                  </a> <!-- validateCreateNewContact(Mrs., Chris, Haas, Amazon) -->
                  <span class="method-name">validateCreateNewContact</span>
                  <span class="parameters">(Mrs., Chris, Haas, Amazon)</span>
                </div> <!-- method-content -->
              </div> <!-- method -->
              <div class="method">
                <div class="method-content">
                  <a name="validateCreateNewContact(Dr., David, Chris, Amazon)">
                  </a> <!-- validateCreateNewContact(Dr., David, Chris, Amazon) -->
                  <span class="method-name">validateCreateNewContact</span>
                  <span class="parameters">(Dr., David, Chris, Amazon)</span>
                </div> <!-- method-content -->
              </div> <!-- method -->
            </div> <!-- main-panel-content rounded-window-bottom -->
          </div> <!-- suite-Command_line_suite-class-skipped -->
          <div class="suite-Command_line_suite-class-skipped">
            <div class="main-panel-header rounded-window-top">
              <img src="skipped.png"/>
              <span class="class-name">com.crm.qa.testcases.HomePageTest</span>
            </div> <!-- main-panel-header rounded-window-top -->
            <div class="main-panel-content rounded-window-bottom">
              <div class="method">
                <div class="method-content">
                  <a name="verifyContactsLinkTest">
                  </a> <!-- verifyContactsLinkTest -->
                  <span class="method-name">verifyContactsLinkTest</span>
                </div> <!-- method-content -->
              </div> <!-- method -->
              <div class="method">
                <div class="method-content">
                  <a name="verifyHomePageTitleTest">
                  </a> <!-- verifyHomePageTitleTest -->
                  <span class="method-name">verifyHomePageTitleTest</span>
                </div> <!-- method-content -->
              </div> <!-- method -->
              <div class="method">
                <div class="method-content">
                  <a name="verifyUsernameTest">
                  </a> <!-- verifyUsernameTest -->
                  <span class="method-name">verifyUsernameTest</span>
                </div> <!-- method-content -->
              </div> <!-- method -->
            </div> <!-- main-panel-content rounded-window-bottom -->
          </div> <!-- suite-Command_line_suite-class-skipped -->
          <div class="suite-Command_line_suite-class-passed">
            <div class="main-panel-header rounded-window-top">
              <img src="passed.png"/>
              <span class="class-name">com.crm.qa.testcases.LoginpageTest</span>
            </div> <!-- main-panel-header rounded-window-top -->
            <div class="main-panel-content rounded-window-bottom">
              <div class="method">
                <div class="method-content">
                  <a name="CRMlogoTest">
                  </a> <!-- CRMlogoTest -->
                  <span class="method-name">CRMlogoTest</span>
                </div> <!-- method-content -->
              </div> <!-- method -->
              <div class="method">
                <div class="method-content">
                  <a name="loginpagetitletest">
                  </a> <!-- loginpagetitletest -->
                  <span class="method-name">loginpagetitletest</span>
                </div> <!-- method-content -->
              </div> <!-- method -->
            </div> <!-- main-panel-content rounded-window-bottom -->
          </div> <!-- suite-Command_line_suite-class-passed -->
        </div> <!-- panel Command_line_suite -->
        <div panel-name="test-xml-Command_line_suite" class="panel">
          <div class="main-panel-header rounded-window-top">
          </div> <!-- main-panel-header rounded-window-top -->
          <div class="main-panel-content rounded-window-bottom">
            <pre>
&lt;?xml version=&quot;1.0&quot; encoding=&quot;UTF-8&quot;?&gt;
&lt;!DOCTYPE suite SYSTEM &quot;http://testng.org/testng-1.0.dtd&quot;&gt;
&lt;suite name=&quot;Command line suite&quot; verbose=&quot;0&quot;&gt;
  &lt;test name=&quot;Command line test&quot; preserve-order=&quot;false&quot;&gt;
    &lt;classes&gt;
      &lt;class name=&quot;com.crm.qa.testcases.ContactsPageTest&quot;/&gt;
      &lt;class name=&quot;com.crm.qa.testcases.HomePageTest&quot;/&gt;
      &lt;class name=&quot;com.crm.qa.testcases.LoginpageTest&quot;/&gt;
    &lt;/classes&gt;
  &lt;/test&gt; &lt;!-- Command line test --&gt;
&lt;/suite&gt; &lt;!-- Command line suite --&gt;
            </pre>
          </div> <!-- main-panel-content rounded-window-bottom -->
        </div> <!-- panel -->
        <div panel-name="testlist-Command_line_suite" class="panel">
          <div class="main-panel-header rounded-window-top">
            <span class="header-content">Tests for Command line suite</span>
          </div> <!-- main-panel-header rounded-window-top -->
          <div class="main-panel-content rounded-window-bottom">
            <ul>
              <li>
                <span class="test-name">Command line test (3 classes)</span>
              </li>
            </ul>
          </div> <!-- main-panel-content rounded-window-bottom -->
        </div> <!-- panel -->
        <div panel-name="group-Command_line_suite" class="panel">
          <div class="main-panel-header rounded-window-top">
            <span class="header-content">Groups for Command line suite</span>
          </div> <!-- main-panel-header rounded-window-top -->
          <div class="main-panel-content rounded-window-bottom">
          </div> <!-- main-panel-content rounded-window-bottom -->
        </div> <!-- panel -->
        <div panel-name="times-Command_line_suite" class="panel">
          <div class="main-panel-header rounded-window-top">
            <span class="header-content">Times for Command line suite</span>
          </div> <!-- main-panel-header rounded-window-top -->
          <div class="main-panel-content rounded-window-bottom">
            <div class="times-div">
              <script type="text/javascript">
suiteTableInitFunctions.push('tableData_Command_line_suite');
function tableData_Command_line_suite() {
var data = new google.visualization.DataTable();
data.addColumn('number', 'Number');
data.addColumn('string', 'Method');
data.addColumn('string', 'Class');
data.addColumn('number', 'Time (ms)');
data.addRows(11);
data.setCell(0, 0, 0)
data.setCell(0, 1, 'logintest')
data.setCell(0, 2, 'com.crm.qa.testcases.LoginpageTest')
data.setCell(0, 3, 670);
data.setCell(1, 0, 1)
data.setCell(1, 1, 'CRMlogoTest')
data.setCell(1, 2, 'com.crm.qa.testcases.LoginpageTest')
data.setCell(1, 3, 55);
data.setCell(2, 0, 2)
data.setCell(2, 1, 'loginpagetitletest')
data.setCell(2, 2, 'com.crm.qa.testcases.LoginpageTest')
data.setCell(2, 3, 16);
data.setCell(3, 0, 3)
data.setCell(3, 1, 'verifyHomePageTitleTest')
data.setCell(3, 2, 'com.crm.qa.testcases.HomePageTest')
data.setCell(3, 3, 4);
data.setCell(4, 0, 4)
data.setCell(4, 1, 'validateCreateNewContact')
data.setCell(4, 2, 'com.crm.qa.testcases.ContactsPageTest')
data.setCell(4, 3, 0);
data.setCell(5, 0, 5)
data.setCell(5, 1, 'validateCreateNewContact')
data.setCell(5, 2, 'com.crm.qa.testcases.ContactsPageTest')
data.setCell(5, 3, 0);
data.setCell(6, 0, 6)
data.setCell(6, 1, 'validateCreateNewContact')
data.setCell(6, 2, 'com.crm.qa.testcases.ContactsPageTest')
data.setCell(6, 3, 0);
data.setCell(7, 0, 7)
data.setCell(7, 1, 'verifyContactsLinkTest')
data.setCell(7, 2, 'com.crm.qa.testcases.HomePageTest')
data.setCell(7, 3, 0);
data.setCell(8, 0, 8)
data.setCell(8, 1, 'verifyUsernameTest')
data.setCell(8, 2, 'com.crm.qa.testcases.HomePageTest')
data.setCell(8, 3, 0);
data.setCell(9, 0, 9)
data.setCell(9, 1, 'validateCreateNewContact')
data.setCell(9, 2, 'com.crm.qa.testcases.ContactsPageTest')
data.setCell(9, 3, 0);
data.setCell(10, 0, 10)
data.setCell(10, 1, 'validateCreateNewContact')
data.setCell(10, 2, 'com.crm.qa.testcases.ContactsPageTest')
data.setCell(10, 3, 0);
window.suiteTableData['Command_line_suite']= { tableData: data, tableDiv: 'times-div-Command_line_suite'}
return data;
}
              </script>
              <span class="suite-total-time">Total running time: 745 ms</span>
              <div id="times-div-Command_line_suite">
              </div> <!-- times-div-Command_line_suite -->
            </div> <!-- times-div -->
          </div> <!-- main-panel-content rounded-window-bottom -->
        </div> <!-- panel -->
        <div panel-name="reporter-Command_line_suite" class="panel">
          <div class="main-panel-header rounded-window-top">
            <span class="header-content">Reporter output for Command line suite</span>
          </div> <!-- main-panel-header rounded-window-top -->
          <div class="main-panel-content rounded-window-bottom">
          </div> <!-- main-panel-content rounded-window-bottom -->
        </div> <!-- panel -->
        <div panel-name="ignored-methods-Command_line_suite" class="panel">
          <div class="main-panel-header rounded-window-top">
            <span class="header-content">0 ignored methods</span>
          </div> <!-- main-panel-header rounded-window-top -->
          <div class="main-panel-content rounded-window-bottom">
          </div> <!-- main-panel-content rounded-window-bottom -->
        </div> <!-- panel -->
        <div panel-name="chronological-Command_line_suite" class="panel">
          <div class="main-panel-header rounded-window-top">
            <span class="header-content">Methods in chronological order</span>
          </div> <!-- main-panel-header rounded-window-top -->
          <div class="main-panel-content rounded-window-bottom">
            <div class="chronological-class">
              <div class="chronological-class-name">com.crm.qa.testcases.HomePageTest</div> <!-- chronological-class-name -->
              <div class="configuration-method before">
                <img src="failed.png">
                </img>
                <span class="method-name">setUp</span>
                <span class="method-start">0 ms</span>
              </div> <!-- configuration-method before -->
              <div class="test-method">
                <span class="method-name">verifyHomePageTitleTest</span>
                <span class="method-start">13206 ms</span>
              </div> <!-- test-method -->
            </div> <!-- chronological-class -->
            <div class="chronological-class">
              <div class="chronological-class-name">com.crm.qa.testcases.LoginpageTest</div> <!-- chronological-class-name -->
              <div class="configuration-method before">
                <span class="method-name">setup</span>
                <span class="method-start">13214 ms</span>
              </div> <!-- configuration-method before -->
              <div class="test-method">
                <span class="method-name">loginpagetitletest</span>
                <span class="method-start">20550 ms</span>
              </div> <!-- test-method -->
              <div class="configuration-method after">
                <span class="method-name">teardown</span>
                <span class="method-start">20566 ms</span>
              </div> <!-- configuration-method after -->
            </div> <!-- chronological-class -->
            <div class="chronological-class">
              <div class="chronological-class-name">com.crm.qa.testcases.HomePageTest</div> <!-- chronological-class-name -->
              <div class="test-method">
                <span class="method-name">verifyUsernameTest</span>
                <span class="method-start">20794 ms</span>
              </div> <!-- test-method -->
            </div> <!-- chronological-class -->
            <div class="chronological-class">
              <div class="chronological-class-name">com.crm.qa.testcases.LoginpageTest</div> <!-- chronological-class-name -->
              <div class="configuration-method before">
                <span class="method-name">setup</span>
                <span class="method-start">20795 ms</span>
              </div> <!-- configuration-method before -->
              <div class="test-method">
                <span class="method-name">CRMlogoTest</span>
                <span class="method-start">27409 ms</span>
              </div> <!-- test-method -->
              <div class="configuration-method after">
                <span class="method-name">teardown</span>
                <span class="method-start">27464 ms</span>
              </div> <!-- configuration-method after -->
            </div> <!-- chronological-class -->
            <div class="chronological-class">
              <div class="chronological-class-name">com.crm.qa.testcases.HomePageTest</div> <!-- chronological-class-name -->
              <div class="test-method">
                <span class="method-name">verifyContactsLinkTest</span>
                <span class="method-start">27516 ms</span>
              </div> <!-- test-method -->
            </div> <!-- chronological-class -->
            <div class="chronological-class">
              <div class="chronological-class-name">com.crm.qa.testcases.LoginpageTest</div> <!-- chronological-class-name -->
              <div class="configuration-method before">
                <span class="method-name">setup</span>
                <span class="method-start">27517 ms</span>
              </div> <!-- configuration-method before -->
              <div class="test-method">
                <img src="failed.png">
                </img>
                <span class="method-name">logintest</span>
                <span class="method-start">34367 ms</span>
              </div> <!-- test-method -->
              <div class="configuration-method after">
                <span class="method-name">teardown</span>
                <span class="method-start">35041 ms</span>
              </div> <!-- configuration-method after -->
            </div> <!-- chronological-class -->
            <div class="chronological-class">
              <div class="chronological-class-name">com.crm.qa.testcases.ContactsPageTest</div> <!-- chronological-class-name -->
              <div class="configuration-method before">
                <img src="failed.png">
                </img>
                <span class="method-name">setUp</span>
                <span class="method-start">36238 ms</span>
              </div> <!-- configuration-method before -->
              <div class="test-method">
                <span class="method-name">validateCreateNewContact(Mr., Tom, Peter, Google)</span>
                <span class="method-start">43418 ms</span>
              </div> <!-- test-method -->
              <div class="test-method">
                <span class="method-name">validateCreateNewContact(Dr., David, Chris, Amazon)</span>
                <span class="method-start">43418 ms</span>
              </div> <!-- test-method -->
              <div class="test-method">
                <span class="method-name">validateCreateNewContact(Mrs., Yuktha, Sharma, Ebay)</span>
                <span class="method-start">43418 ms</span>
              </div> <!-- test-method -->
              <div class="test-method">
                <span class="method-name">validateCreateNewContact(Mrs., Chris, Haas, Amazon)</span>
                <span class="method-start">43422 ms</span>
              </div> <!-- test-method -->
              <div class="test-method">
                <span class="method-name">validateCreateNewContact(Mrs., John, Dear, Google)</span>
                <span class="method-start">43422 ms</span>
              </div> <!-- test-method -->
          </div> <!-- main-panel-content rounded-window-bottom -->
        </div> <!-- panel -->
      </div> <!-- main-panel-root -->
    </div> <!-- wrapper -->
  </body>
</html>
